<?xml version="1.0" encoding="UTF-8"?>
<testng-results skipped="0" failed="0" total="1" passed="1">
  <reporter-output>
  </reporter-output>
  <suite name="Default suite" duration-ms="174407" started-at="2022-03-11T07:30:51Z" finished-at="2022-03-11T07:33:46Z">
    <groups>
      <group name="first">
        <method signature="project.main(java.lang.String, java.lang.String)[pri:0, instance:Elearning_Project.Project_Elearning.project@256216b3]" name="main" class="Elearning_Project.Project_Elearning.project"/>
      </group> <!-- first -->
    </groups>
    <test name="Default test" duration-ms="174407" started-at="2022-03-11T07:30:51Z" finished-at="2022-03-11T07:33:46Z">
      <class name="Elearning_Project.Project_Elearning.project">
        <test-method status="PASS" signature="init()[pri:0, instance:Elearning_Project.Project_Elearning.project@256216b3]" name="init" is-config="true" duration-ms="13185" started-at="2022-03-11T13:00:51Z" finished-at="2022-03-11T13:01:05Z">
          <reporter-output>
          </reporter-output>
        </test-method> <!-- init -->
        <test-method status="PASS" signature="main(java.lang.String, java.lang.String)[pri:0, instance:Elearning_Project.Project_Elearning.project@256216b3]" name="main" duration-ms="161207" started-at="2022-03-11T13:01:05Z" data-provider="testcase" finished-at="2022-03-11T13:03:46Z">
          <params>
            <param index="0">
              <value>
                <![CDATA[Sadhguru]]>
              </value>
            </param>
            <param index="1">
              <value>
                <![CDATA[@1234]]>
              </value>
            </param>
          </params>
          <reporter-output>
          </reporter-output>
        </test-method> <!-- main -->
      </class> <!-- Elearning_Project.Project_Elearning.project -->
    </test> <!-- Default test -->
  </suite> <!-- Default suite -->
</testng-results>
